<?xml version="1.0" encoding="UTF-8"?>
<!-- Generated by org.testng.reporters.JUnitXMLReporter -->
<testsuite hostname="DESKTOP-0C4S9DC" ignored="0" name="Free CRM App Test Cases" tests="7" failures="0" timestamp="01 May 2018 10:37:14 GMT" time="178.117" errors="0">
  <testcase name="loginPageTitleTest" time="0.039" classname="com.crm.qa.testcases.LoginPageTest"/>
  <testcase name="verifyHomePageTitleTest" time="0.013" classname="com.crm.qa.testcases.HomePageTest"/>
  <testcase name="verifyContactLabelTest" time="2.058" classname="com.crm.qa.testcases.ContactsPageTest"/>
  <testcase name="loginTest" time="14.398" classname="com.crm.qa.testcases.LoginPageTest"/>
  <testcase name="verifyUserNameTest" time="0.103" classname="com.crm.qa.testcases.HomePageTest"/>
  <testcase name="selectContactTest" time="4.274" classname="com.crm.qa.testcases.ContactsPageTest"/>
  <testcase name="clickContactsLinkTest" time="0.204" classname="com.crm.qa.testcases.HomePageTest"/>
</testsuite> <!-- Free CRM App Test Cases -->
