<?xml version="1.0" encoding="UTF-8"?>
<!-- Generated by org.testng.reporters.JUnitXMLReporter -->
<testsuite hostname="DESKTOP-0C4S9DC" ignored="0" name="testng test" tests="5" failures="0" timestamp="03 Jun 2018 06:43:55 GMT" time="110.503" errors="0">
  <testcase name="loginPageTitleTest" time="0.037" classname="com.crm.qa.testcases.LoginPageTest"/>
  <testcase name="verifyHomePageTitleTest" time="0.013" classname="com.crm.qa.testcases.HomePageTest"/>
  <testcase name="loginTest" time="15.494" classname="com.crm.qa.testcases.LoginPageTest"/>
  <testcase name="verifyUserNameTest" time="0.215" classname="com.crm.qa.testcases.HomePageTest"/>
  <testcase name="clickContactsLinkTest" time="0.224" classname="com.crm.qa.testcases.HomePageTest"/>
</testsuite> <!-- testng test -->
