<?xml version="1.0" encoding="UTF-8"?>
<!-- Generated by org.testng.reporters.JUnitXMLReporter -->
<testsuite hostname="DESKTOP-0C4S9DC" ignored="2" name="Default test" tests="3" failures="0" timestamp="09 Jun 2018 10:42:52 GMT" time="97.877" errors="0">
  <testcase name="validateCreateNewContact" time="5.039" classname="com.crm.qa.testcases.ContactsPageTest"/>
  <testcase name="validateCreateNewContact" time="4.898" classname="com.crm.qa.testcases.ContactsPageTest"/>
  <testcase name="validateCreateNewContact" time="4.932" classname="com.crm.qa.testcases.ContactsPageTest"/>
  <testcase name="selectContactTest" time="0.0" classname="com.crm.qa.testcases.ContactsPageTest">
    <ignored/>
  </testcase> <!-- selectContactTest -->
  <testcase name="verifyContactLabelTest" time="0.0" classname="com.crm.qa.testcases.ContactsPageTest">
    <ignored/>
  </testcase> <!-- verifyContactLabelTest -->
</testsuite> <!-- Default test -->
