<?xml version="1.0" encoding="UTF-8"?>
<!-- Generated by org.testng.reporters.JUnitXMLReporter -->
<testsuite hostname="DESKTOP-0C4S9DC" ignored="1" name="Command line test" tests="9" failures="0" timestamp="09 Jun 2018 17:08:32 GMT" time="300.651" errors="0">
  <testcase name="selectContactTest" time="4.52" classname="com.crm.qa.testcases.ContactsPageTest"/>
  <testcase name="validateCreateNewContact" time="5.381" classname="com.crm.qa.testcases.ContactsPageTest"/>
  <testcase name="validateCreateNewContact" time="5.03" classname="com.crm.qa.testcases.ContactsPageTest"/>
  <testcase name="validateCreateNewContact" time="5.322" classname="com.crm.qa.testcases.ContactsPageTest"/>
  <testcase name="verifyHomePageTitleTest" time="0.011" classname="com.crm.qa.testcases.HomePageTest"/>
  <testcase name="loginPageTitleTest" time="0.024" classname="com.crm.qa.testcases.LoginPageTest"/>
  <testcase name="verifyUserNameTest" time="0.105" classname="com.crm.qa.testcases.HomePageTest"/>
  <testcase name="loginTest" time="20.017" classname="com.crm.qa.testcases.LoginPageTest"/>
  <testcase name="clickContactsLinkTest" time="0.201" classname="com.crm.qa.testcases.HomePageTest"/>
  <testcase name="verifyContactLabelTest" time="0.0" classname="com.crm.qa.testcases.ContactsPageTest">
    <ignored/>
  </testcase> <!-- verifyContactLabelTest -->
</testsuite> <!-- Command line test -->
