<?xml version="1.0" encoding="UTF-8"?>
<testng-results skipped="0" failed="0" ignored="2" total="5" passed="3">
  <reporter-output>
  </reporter-output>
  <suite name="Default suite" duration-ms="97877" started-at="2018-06-09T10:41:14Z" finished-at="2018-06-09T10:42:52Z">
    <groups>
    </groups>
    <test name="Default test" duration-ms="97877" started-at="2018-06-09T10:41:14Z" finished-at="2018-06-09T10:42:52Z">
      <class name="com.crm.qa.testcases.ContactsPageTest">
        <test-method status="PASS" signature="setUp()[pri:0, instance:com.crm.qa.testcases.ContactsPageTest@5b87ed94]" name="setUp" is-config="true" duration-ms="29064" started-at="2018-06-09T10:41:15Z" finished-at="2018-06-09T10:41:44Z">
          <reporter-output>
          </reporter-output>
        </test-method> <!-- setUp -->
        <test-method status="PASS" signature="validateCreateNewContact(java.lang.String, java.lang.String, java.lang.String, java.lang.String)[pri:0, instance:com.crm.qa.testcases.ContactsPageTest@5b87ed94]" name="validateCreateNewContact" duration-ms="5039" started-at="2018-06-09T10:41:44Z" data-provider="getContactTestData" finished-at="2018-06-09T10:41:49Z">
          <params>
            <param index="0">
              <value>
                <![CDATA[Mr.]]>
              </value>
            </param>
            <param index="1">
              <value>
                <![CDATA[David]]>
              </value>
            </param>
            <param index="2">
              <value>
                <![CDATA[Beckham]]>
              </value>
            </param>
            <param index="3">
              <value>
                <![CDATA[chelsa]]>
              </value>
            </param>
          </params>
          <reporter-output>
          </reporter-output>
        </test-method> <!-- validateCreateNewContact -->
        <test-method status="PASS" signature="tearDown()[pri:0, instance:com.crm.qa.testcases.ContactsPageTest@5b87ed94]" name="tearDown" is-config="true" duration-ms="341" started-at="2018-06-09T10:41:49Z" finished-at="2018-06-09T10:41:50Z">
          <reporter-output>
          </reporter-output>
        </test-method> <!-- tearDown -->
        <test-method status="PASS" signature="setUp()[pri:0, instance:com.crm.qa.testcases.ContactsPageTest@5b87ed94]" name="setUp" is-config="true" duration-ms="25837" started-at="2018-06-09T10:41:50Z" finished-at="2018-06-09T10:42:15Z">
          <reporter-output>
          </reporter-output>
        </test-method> <!-- setUp -->
        <test-method status="PASS" signature="validateCreateNewContact(java.lang.String, java.lang.String, java.lang.String, java.lang.String)[pri:0, instance:com.crm.qa.testcases.ContactsPageTest@5b87ed94]" name="validateCreateNewContact" duration-ms="4898" started-at="2018-06-09T10:42:15Z" data-provider="getContactTestData" finished-at="2018-06-09T10:42:20Z">
          <params>
            <param index="0">
              <value>
                <![CDATA[Dr.]]>
              </value>
            </param>
            <param index="1">
              <value>
                <![CDATA[Leo]]>
              </value>
            </param>
            <param index="2">
              <value>
                <![CDATA[Messi]]>
              </value>
            </param>
            <param index="3">
              <value>
                <![CDATA[Manchester]]>
              </value>
            </param>
          </params>
          <reporter-output>
          </reporter-output>
        </test-method> <!-- validateCreateNewContact -->
        <test-method status="PASS" signature="tearDown()[pri:0, instance:com.crm.qa.testcases.ContactsPageTest@5b87ed94]" name="tearDown" is-config="true" duration-ms="314" started-at="2018-06-09T10:42:20Z" finished-at="2018-06-09T10:42:21Z">
          <reporter-output>
          </reporter-output>
        </test-method> <!-- tearDown -->
        <test-method status="PASS" signature="setUp()[pri:0, instance:com.crm.qa.testcases.ContactsPageTest@5b87ed94]" name="setUp" is-config="true" duration-ms="26449" started-at="2018-06-09T10:42:21Z" finished-at="2018-06-09T10:42:47Z">
          <reporter-output>
          </reporter-output>
        </test-method> <!-- setUp -->
        <test-method status="PASS" signature="validateCreateNewContact(java.lang.String, java.lang.String, java.lang.String, java.lang.String)[pri:0, instance:com.crm.qa.testcases.ContactsPageTest@5b87ed94]" name="validateCreateNewContact" duration-ms="4932" started-at="2018-06-09T10:42:47Z" data-provider="getContactTestData" finished-at="2018-06-09T10:42:52Z">
          <params>
            <param index="0">
              <value>
                <![CDATA[Mrs.]]>
              </value>
            </param>
            <param index="1">
              <value>
                <![CDATA[Chris]]>
              </value>
            </param>
            <param index="2">
              <value>
                <![CDATA[Ronaldo]]>
              </value>
            </param>
            <param index="3">
              <value>
                <![CDATA[Liverpool]]>
              </value>
            </param>
          </params>
          <reporter-output>
          </reporter-output>
        </test-method> <!-- validateCreateNewContact -->
        <test-method status="PASS" signature="tearDown()[pri:0, instance:com.crm.qa.testcases.ContactsPageTest@5b87ed94]" name="tearDown" is-config="true" duration-ms="301" started-at="2018-06-09T10:42:52Z" finished-at="2018-06-09T10:42:52Z">
          <reporter-output>
          </reporter-output>
        </test-method> <!-- tearDown -->
      </class> <!-- com.crm.qa.testcases.ContactsPageTest -->
    </test> <!-- Default test -->
  </suite> <!-- Default suite -->
</testng-results>
